[debug] [2021-11-18T04:45:00.268Z] ----------------------------------------------------------------------
[debug] [2021-11-18T04:45:00.270Z] Command:       /home/shehan/.nvm/versions/node/v15.3.0/bin/node /home/shehan/.nvm/versions/node/v15.3.0/bin/firebase deploy
[debug] [2021-11-18T04:45:00.271Z] CLI Version:   9.22.0
[debug] [2021-11-18T04:45:00.271Z] Platform:      linux
[debug] [2021-11-18T04:45:00.271Z] Node Version:  v15.3.0
[debug] [2021-11-18T04:45:00.271Z] Time:          Thu Nov 18 2021 10:15:00 GMT+0530 (India Standard Time)
[debug] [2021-11-18T04:45:00.271Z] ----------------------------------------------------------------------
[debug] 
[debug] [2021-11-18T04:45:00.339Z] > command requires scopes: ["email","openid","https://www.googleapis.com/auth/cloudplatformprojects.readonly","https://www.googleapis.com/auth/firebase","https://www.googleapis.com/auth/cloud-platform"]
[debug] [2021-11-18T04:45:00.339Z] > authorizing via signed-in user (hasinthashehan768@gmail.com)
[debug] [2021-11-18T04:45:00.339Z] [iam] checking project seds-332415 for permissions ["cloudfunctions.functions.create","cloudfunctions.functions.delete","cloudfunctions.functions.get","cloudfunctions.functions.list","cloudfunctions.functions.update","cloudfunctions.operations.get","datastore.indexes.create","datastore.indexes.delete","datastore.indexes.list","datastore.indexes.update","firebase.projects.get","firebasehosting.sites.update"]
[debug] [2021-11-18T04:45:00.341Z] >>> HTTP REQUEST POST https://cloudresourcemanager.googleapis.com/v1/projects/seds-332415:testIamPermissions  
 {"permissions":["cloudfunctions.functions.create","cloudfunctions.functions.delete","cloudfunctions.functions.get","cloudfunctions.functions.list","cloudfunctions.functions.update","cloudfunctions.operations.get","datastore.indexes.create","datastore.indexes.delete","datastore.indexes.list","datastore.indexes.update","firebase.projects.get","firebasehosting.sites.update"]}
[debug] [2021-11-18T04:45:02.036Z] <<< HTTP RESPONSE 200 {"content-type":"application/json; charset=UTF-8","vary":"X-Origin, Referer, Origin,Accept-Encoding","date":"Thu, 18 Nov 2021 04:45:01 GMT","server":"ESF","cache-control":"private","x-xss-protection":"0","x-frame-options":"SAMEORIGIN","x-content-type-options":"nosniff","server-timing":"gfet4t7; dur=1327","alt-svc":"h3=\":443\"; ma=2592000,h3-29=\":443\"; ma=2592000,h3-Q050=\":443\"; ma=2592000,h3-Q046=\":443\"; ma=2592000,h3-Q043=\":443\"; ma=2592000,quic=\":443\"; ma=2592000; v=\"46,43\"","accept-ranges":"none","transfer-encoding":"chunked"}
[debug] [2021-11-18T04:45:02.037Z] >>> HTTP REQUEST POST https://iam.googleapis.com/v1/projects/seds-332415/serviceAccounts/seds-332415@appspot.gserviceaccount.com:testIamPermissions  
 {"permissions":["iam.serviceAccounts.actAs"]}
[debug] [2021-11-18T04:45:04.182Z] <<< HTTP RESPONSE 404 {"vary":"X-Origin, Referer, Origin,Accept-Encoding","content-type":"application/json; charset=UTF-8","date":"Thu, 18 Nov 2021 04:45:04 GMT","server":"ESF","cache-control":"private","x-xss-protection":"0","x-frame-options":"SAMEORIGIN","x-content-type-options":"nosniff","alt-svc":"h3=\":443\"; ma=2592000,h3-29=\":443\"; ma=2592000,h3-Q050=\":443\"; ma=2592000,h3-Q046=\":443\"; ma=2592000,h3-Q043=\":443\"; ma=2592000,quic=\":443\"; ma=2592000; v=\"46,43\"","accept-ranges":"none","transfer-encoding":"chunked"}
[debug] [2021-11-18T04:45:04.182Z] <<< HTTP RESPONSE BODY {"error":{"code":404,"message":"Unknown service account","status":"NOT_FOUND"}}
[debug] [2021-11-18T04:45:04.185Z] [functions] service account IAM check errored, deploy may fail: HTTP Error: 404, Unknown service account {"name":"FirebaseError","children":[],"context":{"body":{"error":{"code":404,"message":"Unknown service account","status":"NOT_FOUND"}},"response":{"statusCode":404,"body":{"error":{"code":404,"message":"Unknown service account","status":"NOT_FOUND"}},"headers":{"vary":"X-Origin, Referer, Origin,Accept-Encoding","content-type":"application/json; charset=UTF-8","date":"Thu, 18 Nov 2021 04:45:04 GMT","server":"ESF","cache-control":"private","x-xss-protection":"0","x-frame-options":"SAMEORIGIN","x-content-type-options":"nosniff","alt-svc":"h3=\":443\"; ma=2592000,h3-29=\":443\"; ma=2592000,h3-Q050=\":443\"; ma=2592000,h3-Q046=\":443\"; ma=2592000,h3-Q043=\":443\"; ma=2592000,quic=\":443\"; ma=2592000; v=\"46,43\"","accept-ranges":"none","transfer-encoding":"chunked"},"request":{"uri":{"protocol":"https:","slashes":true,"auth":null,"host":"iam.googleapis.com","port":443,"hostname":"iam.googleapis.com","hash":null,"search":null,"query":null,"pathname":"/v1/projects/seds-332415/serviceAccounts/seds-332415@appspot.gserviceaccount.com:testIamPermissions","path":"/v1/projects/seds-332415/serviceAccounts/seds-332415@appspot.gserviceaccount.com:testIamPermissions","href":"https://iam.googleapis.com/v1/projects/seds-332415/serviceAccounts/seds-332415@appspot.gserviceaccount.com:testIamPermissions"},"method":"POST"}}},"exit":1,"message":"HTTP Error: 404, Unknown service account","status":404}
[debug] [2021-11-18T04:45:04.189Z] > refreshing access token with scopes: []
[debug] [2021-11-18T04:45:04.190Z] >>> HTTP REQUEST POST https://www.googleapis.com/oauth2/v3/token  
 <request body omitted>
[debug] [2021-11-18T04:45:04.517Z] <<< HTTP RESPONSE 200 {"date":"Thu, 18 Nov 2021 04:45:04 GMT","cache-control":"no-cache, no-store, max-age=0, must-revalidate","pragma":"no-cache","expires":"Mon, 01 Jan 1990 00:00:00 GMT","content-type":"application/json; charset=utf-8","vary":"X-Origin, Referer, Origin,Accept-Encoding","server":"scaffolding on HTTPServer2","x-xss-protection":"0","x-frame-options":"SAMEORIGIN","x-content-type-options":"nosniff","alt-svc":"h3=\":443\"; ma=2592000,h3-29=\":443\"; ma=2592000,h3-Q050=\":443\"; ma=2592000,h3-Q046=\":443\"; ma=2592000,h3-Q043=\":443\"; ma=2592000,quic=\":443\"; ma=2592000; v=\"46,43\"","accept-ranges":"none","transfer-encoding":"chunked"}
[debug] [2021-11-18T04:45:06.409Z] >>> [apiv2][query] GET https://firebase.googleapis.com/v1beta1/projects/seds-332415 [none]
[debug] [2021-11-18T04:45:07.056Z] <<< [apiv2][status] GET https://firebase.googleapis.com/v1beta1/projects/seds-332415 200
[debug] [2021-11-18T04:45:07.056Z] <<< [apiv2][body] GET https://firebase.googleapis.com/v1beta1/projects/seds-332415 {"projectId":"seds-332415","projectNumber":"443396178839","displayName":"seds","name":"projects/seds-332415","resources":{"hostingSite":"seds-332415"},"state":"ACTIVE"}
[info] 
[info] === Deploying to 'seds-332415'...
[info] 
[info] i  deploying firestore, functions, hosting 
[debug] [2021-11-18T04:45:07.393Z] TypeError [ERR_INVALID_ARG_TYPE]: The "path" argument must be of type string. Received undefined
    at new NodeError (node:internal/errors:278:15)
    at validateString (node:internal/validators:123:11)
    at Object.join (node:path:1039:7)
    at Config.path (/home/shehan/.nvm/versions/node/v15.3.0/lib/node_modules/firebase-tools/lib/config.js:115:45)
    at getChildEnvironment (/home/shehan/.nvm/versions/node/v15.3.0/lib/node_modules/firebase-tools/lib/deploy/lifecycleHooks.js:50:49)
    at runTargetCommands (/home/shehan/.nvm/versions/node/v15.3.0/lib/node_modules/firebase-tools/lib/deploy/lifecycleHooks.js:71:14)
    at /home/shehan/.nvm/versions/node/v15.3.0/lib/node_modules/firebase-tools/lib/deploy/lifecycleHooks.js:122:24
    at processTicksAndRejections (node:internal/process/task_queues:93:5)
[error] 
[error] Error: An unexpected error has occurred.
